<?xml version="1.0" encoding="UTF-8"?>
<testsuite name="br.com.fabioalvaro.pioserver.PioServerApplicationTests" tests="1" skipped="0" failures="0" errors="0" timestamp="2022-06-27T23:24:31" hostname="ip-192-168-1-101.sa-east-1.compute.internal" time="0.311">
  <properties/>
  <testcase name="contextLoads()" classname="br.com.fabioalvaro.pioserver.PioServerApplicationTests" time="0.311"/>
  <system-out><![CDATA[20:24:28.625 [Test worker] DEBUG org.springframework.test.context.BootstrapUtils - Instantiating CacheAwareContextLoaderDelegate from class [org.springframework.test.context.cache.DefaultCacheAwareContextLoaderDelegate]
20:24:28.633 [Test worker] DEBUG org.springframework.test.context.BootstrapUtils - Instantiating BootstrapContext using constructor [public org.springframework.test.context.support.DefaultBootstrapContext(java.lang.Class,org.springframework.test.context.CacheAwareContextLoaderDelegate)]
20:24:28.660 [Test worker] DEBUG org.springframework.test.context.BootstrapUtils - Instantiating TestContextBootstrapper for test class [br.com.fabioalvaro.pioserver.PioServerApplicationTests] from class [org.springframework.boot.test.context.SpringBootTestContextBootstrapper]
20:24:28.669 [Test worker] INFO org.springframework.boot.test.context.SpringBootTestContextBootstrapper - Neither @ContextConfiguration nor @ContextHierarchy found for test class [br.com.fabioalvaro.pioserver.PioServerApplicationTests], using SpringBootContextLoader
20:24:28.672 [Test worker] DEBUG org.springframework.test.context.support.AbstractContextLoader - Did not detect default resource location for test class [br.com.fabioalvaro.pioserver.PioServerApplicationTests]: class path resource [br/com/fabioalvaro/pioserver/PioServerApplicationTests-context.xml] does not exist
20:24:28.673 [Test worker] DEBUG org.springframework.test.context.support.AbstractContextLoader - Did not detect default resource location for test class [br.com.fabioalvaro.pioserver.PioServerApplicationTests]: class path resource [br/com/fabioalvaro/pioserver/PioServerApplicationTestsContext.groovy] does not exist
20:24:28.673 [Test worker] INFO org.springframework.test.context.support.AbstractContextLoader - Could not detect default resource locations for test class [br.com.fabioalvaro.pioserver.PioServerApplicationTests]: no resource found for suffixes {-context.xml, Context.groovy}.
20:24:28.673 [Test worker] INFO org.springframework.test.context.support.AnnotationConfigContextLoaderUtils - Could not detect default configuration classes for test class [br.com.fabioalvaro.pioserver.PioServerApplicationTests]: PioServerApplicationTests does not declare any static, non-private, non-final, nested classes annotated with @Configuration.
20:24:28.710 [Test worker] DEBUG org.springframework.test.context.support.ActiveProfilesUtils - Could not find an 'annotation declaring class' for annotation type [org.springframework.test.context.ActiveProfiles] and class [br.com.fabioalvaro.pioserver.PioServerApplicationTests]
20:24:28.758 [Test worker] DEBUG org.springframework.context.annotation.ClassPathScanningCandidateComponentProvider - Identified candidate component class: file [/Users/fabioalvaro/workspaces/diversos2/pio-server/build/classes/java/main/br/com/fabioalvaro/pioserver/PioServerApplication.class]
20:24:28.759 [Test worker] INFO org.springframework.boot.test.context.SpringBootTestContextBootstrapper - Found @SpringBootConfiguration br.com.fabioalvaro.pioserver.PioServerApplication for test class br.com.fabioalvaro.pioserver.PioServerApplicationTests
20:24:28.828 [Test worker] DEBUG org.springframework.boot.test.context.SpringBootTestContextBootstrapper - @TestExecutionListeners is not present for class [br.com.fabioalvaro.pioserver.PioServerApplicationTests]: using defaults.
20:24:28.828 [Test worker] INFO org.springframework.boot.test.context.SpringBootTestContextBootstrapper - Loaded default TestExecutionListener class names from location [META-INF/spring.factories]: [org.springframework.boot.test.autoconfigure.restdocs.RestDocsTestExecutionListener, org.springframework.boot.test.autoconfigure.web.client.MockRestServiceServerResetTestExecutionListener, org.springframework.boot.test.autoconfigure.web.servlet.MockMvcPrintOnlyOnFailureTestExecutionListener, org.springframework.boot.test.autoconfigure.web.servlet.WebDriverTestExecutionListener, org.springframework.boot.test.autoconfigure.webservices.client.MockWebServiceServerTestExecutionListener, org.springframework.boot.test.mock.mockito.MockitoTestExecutionListener, org.springframework.boot.test.mock.mockito.ResetMocksTestExecutionListener, org.springframework.test.context.web.ServletTestExecutionListener, org.springframework.test.context.support.DirtiesContextBeforeModesTestExecutionListener, org.springframework.test.context.event.ApplicationEventsTestExecutionListener, org.springframework.test.context.support.DependencyInjectionTestExecutionListener, org.springframework.test.context.support.DirtiesContextTestExecutionListener, org.springframework.test.context.transaction.TransactionalTestExecutionListener, org.springframework.test.context.jdbc.SqlScriptsTestExecutionListener, org.springframework.test.context.event.EventPublishingTestExecutionListener]
20:24:28.838 [Test worker] DEBUG org.springframework.boot.test.context.SpringBootTestContextBootstrapper - Skipping candidate TestExecutionListener [org.springframework.test.context.transaction.TransactionalTestExecutionListener] due to a missing dependency. Specify custom listener classes or make the default listener classes and their required dependencies available. Offending class: [org/springframework/transaction/TransactionDefinition]
20:24:28.838 [Test worker] DEBUG org.springframework.boot.test.context.SpringBootTestContextBootstrapper - Skipping candidate TestExecutionListener [org.springframework.test.context.jdbc.SqlScriptsTestExecutionListener] due to a missing dependency. Specify custom listener classes or make the default listener classes and their required dependencies available. Offending class: [org/springframework/transaction/interceptor/TransactionAttribute]
20:24:28.838 [Test worker] INFO org.springframework.boot.test.context.SpringBootTestContextBootstrapper - Using TestExecutionListeners: [org.springframework.test.context.web.ServletTestExecutionListener@241a53ef, org.springframework.test.context.support.DirtiesContextBeforeModesTestExecutionListener@344344fa, org.springframework.test.context.event.ApplicationEventsTestExecutionListener@2db2cd5, org.springframework.boot.test.mock.mockito.MockitoTestExecutionListener@70e659aa, org.springframework.boot.test.autoconfigure.SpringBootDependencyInjectionTestExecutionListener@615f972, org.springframework.test.context.support.DirtiesContextTestExecutionListener@285f09de, org.springframework.test.context.event.EventPublishingTestExecutionListener@73393584, org.springframework.boot.test.autoconfigure.restdocs.RestDocsTestExecutionListener@31500940, org.springframework.boot.test.autoconfigure.web.client.MockRestServiceServerResetTestExecutionListener@1827a871, org.springframework.boot.test.autoconfigure.web.servlet.MockMvcPrintOnlyOnFailureTestExecutionListener@48e64352, org.springframework.boot.test.autoconfigure.web.servlet.WebDriverTestExecutionListener@7249dadf, org.springframework.boot.test.autoconfigure.webservices.client.MockWebServiceServerTestExecutionListener@4362d7df, org.springframework.boot.test.mock.mockito.ResetMocksTestExecutionListener@66238be2]
20:24:28.841 [Test worker] DEBUG org.springframework.test.context.support.AbstractDirtiesContextTestExecutionListener - Before test class: context [DefaultTestContext@402f80f5 testClass = PioServerApplicationTests, testInstance = [null], testMethod = [null], testException = [null], mergedContextConfiguration = [WebMergedContextConfiguration@5bbc9f97 testClass = PioServerApplicationTests, locations = '{}', classes = '{class br.com.fabioalvaro.pioserver.PioServerApplication}', contextInitializerClasses = '[]', activeProfiles = '{}', propertySourceLocations = '{}', propertySourceProperties = '{org.springframework.boot.test.context.SpringBootTestContextBootstrapper=true}', contextCustomizers = set[org.springframework.boot.test.autoconfigure.actuate.metrics.MetricsExportContextCustomizerFactory$DisableMetricExportContextCustomizer@43aaf813, org.springframework.boot.test.autoconfigure.properties.PropertyMappingContextCustomizer@0, org.springframework.boot.test.autoconfigure.web.servlet.WebDriverContextCustomizerFactory$Customizer@55342f40, org.springframework.boot.test.context.filter.ExcludeFilterContextCustomizer@2a2c13a8, org.springframework.boot.test.json.DuplicateJsonObjectContextCustomizerFactory$DuplicateJsonObjectContextCustomizer@3543df7d, org.springframework.boot.test.mock.mockito.MockitoContextCustomizer@0, org.springframework.boot.test.web.client.TestRestTemplateContextCustomizer@78fbff54, org.springframework.boot.test.context.SpringBootTestArgs@1, org.springframework.boot.test.context.SpringBootTestWebEnvironment@20bd8be5], resourceBasePath = 'src/main/webapp', contextLoader = 'org.springframework.boot.test.context.SpringBootContextLoader', parent = [null]], attributes = map['org.springframework.test.context.web.ServletTestExecutionListener.activateListener' -> true]], class annotated with @DirtiesContext [false] with mode [null].

  .   ____          _            __ _ _
 /\\ / ___'_ __ _ _(_)_ __  __ _ \ \ \ \
( ( )\___ | '_ | '_| | '_ \/ _` | \ \ \ \
 \\/  ___)| |_)| | | | | || (_| |  ) ) ) )
  '  |____| .__|_| |_|_| |_\__, | / / / /
 =========|_|==============|___/=/_/_/_/
 :: Spring Boot ::                (v2.7.1)

2022-06-27 20:24:29.133  INFO [,,] 22016 --- [    Test worker] b.c.f.p.PioServerApplicationTests        : Starting PioServerApplicationTests using Java 11.0.15 on ip-192-168-1-101.sa-east-1.compute.internal with PID 22016 (started by fabioalvaro in /Users/fabioalvaro/workspaces/diversos2/pio-server)
2022-06-27 20:24:29.134  INFO [,,] 22016 --- [    Test worker] b.c.f.p.PioServerApplicationTests        : No active profile set, falling back to 1 default profile: "default"
2022-06-27 20:24:29.756  INFO [,,] 22016 --- [    Test worker] o.s.cloud.context.scope.GenericScope     : BeanFactory id=4d4fda61-ebc3-3c24-a6aa-12eff31cd140
2022-06-27 20:24:31.287  INFO [,,] 22016 --- [    Test worker] b.c.f.p.PioServerApplicationTests        : Started PioServerApplicationTests in 2.403 seconds (JVM running for 3.355)
]]></system-out>
  <system-err><![CDATA[]]></system-err>
</testsuite>
